# JRE version: Java(TM) SE Runtime Environment (8.0_172-b11) (build 1.8.0_172-b11)
# Java VM: Java HotSpot(TM) 64-Bit Server VM (25.172-b11 mixed mode windows-amd64 compressed oops)
Heap:
 PSYoungGen      total 76288K, used 18437K [0x000000076b400000, 0x0000000770900000, 0x00000007c0000000)
  eden space 65536K, 11% used [0x000000076b400000,0x000000076bb85530,0x000000076f400000)
  from space 10752K, 99% used [0x000000076f400000,0x000000076fe7c050,0x000000076fe80000)
  to   space 10752K, 0% used [0x000000076fe80000,0x000000076fe80000,0x0000000770900000)
 ParOldGen       total 175104K, used 3060K [0x00000006c1c00000, 0x00000006cc700000, 0x000000076b400000)
  object space 175104K, 1% used [0x00000006c1c00000,0x00000006c1efd1b8,0x00000006cc700000)
 Metaspace       used 17452K, capacity 17888K, committed 18176K, reserved 1064960K
  class space    used 2098K, capacity 2252K, committed 2304K, reserved 1048576K
GC Heap History (6 events):
Event: 5.194 GC heap before
{Heap before GC invocations=1 (full 0):
 PSYoungGen      total 76288K, used 65536K [0x000000076b400000, 0x0000000770900000, 0x00000007c0000000)
  eden space 65536K, 100% used [0x000000076b400000,0x000000076f400000,0x000000076f400000)
  from space 10752K, 0% used [0x000000076fe80000,0x000000076fe80000,0x0000000770900000)
  to   space 10752K, 0% used [0x000000076f400000,0x000000076f400000,0x000000076fe80000)
 ParOldGen       total 175104K, used 0K [0x00000006c1c00000, 0x00000006cc700000, 0x000000076b400000)
  object space 175104K, 0% used [0x00000006c1c00000,0x00000006c1c00000,0x00000006cc700000)
 Metaspace       used 11477K, capacity 11592K, committed 11776K, reserved 1058816K
  class space    used 1415K, capacity 1476K, committed 1536K, reserved 1048576K
Event: 5.206 GC heap after
Heap after GC invocations=1 (full 0):
 PSYoungGen      total 76288K, used 9869K [0x000000076b400000, 0x0000000770900000, 0x00000007c0000000)
  eden space 65536K, 0% used [0x000000076b400000,0x000000076b400000,0x000000076f400000)
  from space 10752K, 91% used [0x000000076f400000,0x000000076fda3460,0x000000076fe80000)
  to   space 10752K, 0% used [0x000000076fe80000,0x000000076fe80000,0x0000000770900000)
 ParOldGen       total 175104K, used 16K [0x00000006c1c00000, 0x00000006cc700000, 0x000000076b400000)
  object space 175104K, 0% used [0x00000006c1c00000,0x00000006c1c04000,0x00000006cc700000)
 Metaspace       used 11477K, capacity 11592K, committed 11776K, reserved 1058816K
  class space    used 1415K, capacity 1476K, committed 1536K, reserved 1048576K
}
Event: 15.991 GC heap before
{Heap before GC invocations=2 (full 0):
 PSYoungGen      total 76288K, used 75405K [0x000000076b400000, 0x0000000770900000, 0x00000007c0000000)
  eden space 65536K, 100% used [0x000000076b400000,0x000000076f400000,0x000000076f400000)
  from space 10752K, 91% used [0x000000076f400000,0x000000076fda3460,0x000000076fe80000)
  to   space 10752K, 0% used [0x000000076fe80000,0x000000076fe80000,0x0000000770900000)
 ParOldGen       total 175104K, used 16K [0x00000006c1c00000, 0x00000006cc700000, 0x000000076b400000)
  object space 175104K, 0% used [0x00000006c1c00000,0x00000006c1c04000,0x00000006cc700000)
 Metaspace       used 15072K, capacity 15302K, committed 15616K, reserved 1062912K
  class space    used 1828K, capacity 1945K, committed 2048K, reserved 1048576K
Event: 16.037 GC heap after
Heap after GC invocations=2 (full 0):
 PSYoungGen      total 76288K, used 8249K [0x000000076b400000, 0x0000000770900000, 0x00000007c0000000)
  eden space 65536K, 0% used [0x000000076b400000,0x000000076b400000,0x000000076f400000)
  from space 10752K, 76% used [0x000000076fe80000,0x000000077068e4f0,0x0000000770900000)
  to   space 10752K, 0% used [0x000000076f400000,0x000000076f400000,0x000000076fe80000)
 ParOldGen       total 175104K, used 16K [0x00000006c1c00000, 0x00000006cc700000, 0x000000076b400000)
  object space 175104K, 0% used [0x00000006c1c00000,0x00000006c1c04000,0x00000006cc700000)
 Metaspace       used 15072K, capacity 15302K, committed 15616K, reserved 1062912K
  class space    used 1828K, capacity 1945K, committed 2048K, reserved 1048576K
}
Event: 21.891 GC heap before
{Heap before GC invocations=3 (full 0):
 PSYoungGen      total 76288K, used 73785K [0x000000076b400000, 0x0000000770900000, 0x00000007c0000000)
  eden space 65536K, 100% used [0x000000076b400000,0x000000076f400000,0x000000076f400000)
  from space 10752K, 76% used [0x000000076fe80000,0x000000077068e4f0,0x0000000770900000)
  to   space 10752K, 0% used [0x000000076f400000,0x000000076f400000,0x000000076fe80000)
 ParOldGen       total 175104K, used 16K [0x00000006c1c00000, 0x00000006cc700000, 0x000000076b400000)
  object space 175104K, 0% used [0x00000006c1c00000,0x00000006c1c04000,0x00000006cc700000)
 Metaspace       used 17188K, capacity 17480K, committed 17664K, reserved 1064960K
  class space    used 2062K, capacity 2180K, committed 2304K, reserved 1048576K
Event: 21.913 GC heap after
Heap after GC invocations=3 (full 0):
 PSYoungGen      total 76288K, used 10736K [0x000000076b400000, 0x0000000770900000, 0x00000007c0000000)
  eden space 65536K, 0% used [0x000000076b400000,0x000000076b400000,0x000000076f400000)
  from space 10752K, 99% used [0x000000076f400000,0x000000076fe7c050,0x000000076fe80000)
  to   space 10752K, 0% used [0x000000076fe80000,0x000000076fe80000,0x0000000770900000)
 ParOldGen       total 175104K, used 3060K [0x00000006c1c00000, 0x00000006cc700000, 0x000000076b400000)
  object space 175104K, 1% used [0x00000006c1c00000,0x00000006c1efd1b8,0x00000006cc700000)
 Metaspace       used 17188K, capacity 17480K, committed 17664K, reserved 1064960K
  class space    used 2062K, capacity 2180K, committed 2304K, reserved 1048576K
}

